<?xml version="1.0" encoding="UTF-8"?>
<!-- Generated by org.testng.reporters.JUnitXMLReporter -->
<testsuite hostname="R_O_Y-PC" name="Test1" tests="4" failures="0" timestamp="17 Aug 2015 02:02:36 GMT" time="2.613" errors="0">
  <testcase name="@BeforeClass init" time="0.0" classname="us.st.selenium.Login">
    <failure type="org.openqa.selenium.remote.UnreachableBrowserException" message="Could not start a new session. Possible causes are invalid address of the remote server or browser start-up failure.
Build info: version: &amp;apos;2.46.0&amp;apos;, revision: &amp;apos;61506a4624b13675f24581e453592342b7485d71&amp;apos;, time: &amp;apos;2015-06-04 10:22:50&amp;apos;
System info: host: &amp;apos;R_O_Y-PC&amp;apos;, ip: &amp;apos;192.168.1.2&amp;apos;, os.name: &amp;apos;Windows 7&amp;apos;, os.arch: &amp;apos;amd64&amp;apos;, os.version: &amp;apos;6.1&amp;apos;, java.version: &amp;apos;1.8.0_45&amp;apos;
Driver info: driver.version: SafariDriver">
      <![CDATA[org.openqa.selenium.remote.UnreachableBrowserException: Could not start a new session. Possible causes are invalid address of the remote server or browser start-up failure.
Build info: version: '2.46.0', revision: '61506a4624b13675f24581e453592342b7485d71', time: '2015-06-04 10:22:50'
System info: host: 'R_O_Y-PC', ip: '192.168.1.2', os.name: 'Windows 7', os.arch: 'amd64', os.version: '6.1', java.version: '1.8.0_45'
Driver info: driver.version: SafariDriver
	at org.openqa.selenium.remote.RemoteWebDriver.execute(RemoteWebDriver.java:599)
	at org.openqa.selenium.remote.RemoteWebDriver.startSession(RemoteWebDriver.java:242)
	at org.openqa.selenium.remote.RemoteWebDriver.<init>(RemoteWebDriver.java:128)
	at org.openqa.selenium.remote.RemoteWebDriver.<init>(RemoteWebDriver.java:141)
	at org.openqa.selenium.safari.SafariDriver.<init>(SafariDriver.java:58)
	at org.openqa.selenium.safari.SafariDriver.<init>(SafariDriver.java:51)
	at ru.stqa.selenium.factory.WebDriverFactoryInternal.createLocalDriver(WebDriverFactoryInternal.java:82)
	at ru.stqa.selenium.factory.WebDriverFactoryInternal.newDriver(WebDriverFactoryInternal.java:58)
	at ru.stqa.selenium.factory.ThreadLocalSingletonStorage.createNewDriver(ThreadLocalSingletonStorage.java:91)
	at ru.stqa.selenium.factory.ThreadLocalSingletonStorage.getDriver(ThreadLocalSingletonStorage.java:36)
	at ru.stqa.selenium.factory.WebDriverFactoryInternal.getDriver(WebDriverFactoryInternal.java:49)
	at ru.stqa.selenium.factory.WebDriverFactory.getDriver(WebDriverFactory.java:39)
	at us.st.selenium.pages.TestBase.init(TestBase.java:38)
Caused by: java.lang.ClassCastException: com.google.gson.JsonObject cannot be cast to java.lang.String
	at org.openqa.selenium.remote.JsonToBeanConverter.convert(JsonToBeanConverter.java:111)
	at org.openqa.selenium.remote.JsonToBeanConverter.convert(JsonToBeanConverter.java:42)
	at org.openqa.selenium.safari.SafariDriverCommandExecutor.execute(SafariDriverCommandExecutor.java:191)
	at org.openqa.selenium.remote.RemoteWebDriver.execute(RemoteWebDriver.java:578)
	... 39 more
... Removed 27 stack frames]]>
    </failure>
  </testcase> <!-- @BeforeClass init -->
  <testcase name="@BeforeClass init" time="0.0" classname="us.st.selenium.AddMovie">
    <skipped/>
  </testcase> <!-- @BeforeClass init -->
  <testcase name="@BeforeClass init" time="0.0" classname="us.st.selenium.DeleteMovie">
    <skipped/>
  </testcase> <!-- @BeforeClass init -->
  <testcase name="@BeforeClass init" time="0.0" classname="us.st.selenium.LogOut">
    <skipped/>
  </testcase> <!-- @BeforeClass init -->
  <testcase name="testLogin" time="0.001" classname="us.st.selenium.Login">
    <skipped/>
  </testcase> <!-- testLogin -->
  <testcase name="testAddMovie" time="0.0" classname="us.st.selenium.AddMovie">
    <skipped/>
  </testcase> <!-- testAddMovie -->
  <testcase name="testDeleteMovie" time="0.001" classname="us.st.selenium.DeleteMovie">
    <skipped/>
  </testcase> <!-- testDeleteMovie -->
  <testcase name="testLogOut" time="0.0" classname="us.st.selenium.LogOut">
    <skipped/>
  </testcase> <!-- testLogOut -->
</testsuite> <!-- Test1 -->
